  [4;36;1mSQL (0.2ms)[0m   [0;1mSET NAMES 'utf8'[0m
  [4;35;1mSQL (0.1ms)[0m   [0mSET SQL_AUTO_IS_NULL=0[0m
  [4;36;1mSQL (0.3ms)[0m   [0;1mSHOW TABLES[0m
  [4;35;1mSQL (74.5ms)[0m   [0mCREATE TABLE `schema_migrations` (`version` varchar(255) NOT NULL) ENGINE=InnoDB[0m
  [4;36;1mSQL (165.5ms)[0m   [0;1mCREATE UNIQUE INDEX `unique_schema_migrations` ON `schema_migrations` (`version`)[0m
  [4;35;1mSQL (0.4ms)[0m   [0mSHOW TABLES[0m
  [4;36;1mSQL (0.3ms)[0m   [0;1mSELECT version FROM schema_migrations[0m
Migrating to CreateLists (20090801081301)
  [4;35;1mSQL (93.1ms)[0m   [0mCREATE TABLE `lists` (`id` int(11) DEFAULT NULL auto_increment PRIMARY KEY, `name` varchar(255), `owner` varchar(255), `permission` varchar(255), `created_at` datetime, `updated_at` datetime) ENGINE=InnoDB[0m
  [4;36;1mSQL (0.7ms)[0m   [0;1mINSERT INTO schema_migrations (version) VALUES ('20090801081301')[0m
  [4;35;1mSQL (0.5ms)[0m   [0mSHOW TABLES[0m
  [4;36;1mSQL (0.2ms)[0m   [0;1mSELECT version FROM schema_migrations[0m
  [4;35;1mSQL (0.3ms)[0m   [0mSHOW TABLES[0m
  [4;36;1mSQL (1.3ms)[0m   [0;1mSHOW FIELDS FROM `lists`[0m
  [4;35;1mSQL (1.3ms)[0m   [0mdescribe `lists`[0m
  [4;36;1mSQL (0.3ms)[0m   [0;1mSHOW KEYS FROM `lists`[0m
  [4;36;1mSQL (0.1ms)[0m   [0;1mSET NAMES 'utf8'[0m
  [4;35;1mSQL (0.1ms)[0m   [0mSET SQL_AUTO_IS_NULL=0[0m
  [4;36;1mSQL (0.4ms)[0m   [0;1mSHOW TABLES[0m
  [4;35;1mSQL (0.2ms)[0m   [0mSELECT version FROM schema_migrations[0m
Migrating to CreateLists (20090801081301)
Migrating to CreateItems (20090801084620)
  [4;36;1mSQL (64.3ms)[0m   [0;1mCREATE TABLE `items` (`id` int(11) DEFAULT NULL auto_increment PRIMARY KEY, `list` int(11), `author` varchar(255), `fullMessage` varchar(255), `created_at` datetime, `updated_at` datetime) ENGINE=InnoDB[0m
  [4;35;1mSQL (0.5ms)[0m   [0mINSERT INTO schema_migrations (version) VALUES ('20090801084620')[0m
  [4;36;1mSQL (0.4ms)[0m   [0;1mSHOW TABLES[0m
  [4;35;1mSQL (0.1ms)[0m   [0mSELECT version FROM schema_migrations[0m
  [4;36;1mSQL (0.3ms)[0m   [0;1mSHOW TABLES[0m
  [4;35;1mSQL (1.9ms)[0m   [0mSHOW FIELDS FROM `items`[0m
  [4;36;1mSQL (1.2ms)[0m   [0;1mdescribe `items`[0m
  [4;35;1mSQL (0.5ms)[0m   [0mSHOW KEYS FROM `items`[0m
  [4;36;1mSQL (1.2ms)[0m   [0;1mSHOW FIELDS FROM `lists`[0m
  [4;35;1mSQL (1.7ms)[0m   [0mdescribe `lists`[0m
  [4;36;1mSQL (0.8ms)[0m   [0;1mSHOW KEYS FROM `lists`[0m
  [4;36;1mSQL (0.2ms)[0m   [0;1mSET NAMES 'utf8'[0m
  [4;35;1mSQL (0.1ms)[0m   [0mSET SQL_AUTO_IS_NULL=0[0m
  [4;36;1mSQL (0.6ms)[0m   [0;1mSHOW TABLES[0m
  [4;35;1mSQL (0.2ms)[0m   [0mSELECT version FROM schema_migrations[0m
Migrating to CreateLists (20090801081301)
Migrating to CreateItems (20090801084922)
  [4;36;1mSQL (0.0ms)[0m   [0;1mMysql::Error: Table 'items' already exists: CREATE TABLE `items` (`id` int(11) DEFAULT NULL auto_increment PRIMARY KEY, `list` int(11), `author` varchar(255), `text` varchar(255), `fullMessage` varchar(255), `created_at` datetime, `updated_at` datetime) ENGINE=InnoDB[0m
  [4;36;1mSQL (0.1ms)[0m   [0;1mSET NAMES 'utf8'[0m
  [4;35;1mSQL (0.1ms)[0m   [0mSET SQL_AUTO_IS_NULL=0[0m
  [4;36;1mSQL (0.5ms)[0m   [0;1mSHOW TABLES[0m
  [4;35;1mSQL (0.2ms)[0m   [0mSELECT version FROM schema_migrations[0m
Migrating to CreateLists (20090801081301)
Migrating to CreateItems (20090801084922)
  [4;36;1mSQL (0.0ms)[0m   [0;1mMysql::Error: Table 'items' already exists: CREATE TABLE `items` (`id` int(11) DEFAULT NULL auto_increment PRIMARY KEY, `list` int(11), `author` varchar(255), `text` varchar(255), `fullMessage` varchar(255), `created_at` datetime, `updated_at` datetime) ENGINE=InnoDB[0m
  [4;36;1mSQL (0.2ms)[0m   [0;1mSET NAMES 'utf8'[0m
  [4;35;1mSQL (0.1ms)[0m   [0mSET SQL_AUTO_IS_NULL=0[0m
  [4;36;1mSQL (0.4ms)[0m   [0;1mSHOW TABLES[0m
  [4;35;1mSQL (0.2ms)[0m   [0mSELECT version FROM schema_migrations[0m
Migrating to CreateLists (20090801081301)
Migrating to CreateItems (20090801084922)
  [4;36;1mSQL (61.9ms)[0m   [0;1mCREATE TABLE `items` (`id` int(11) DEFAULT NULL auto_increment PRIMARY KEY, `list` int(11), `author` varchar(255), `text` varchar(255), `fullMessage` varchar(255), `created_at` datetime, `updated_at` datetime) ENGINE=InnoDB[0m
  [4;35;1mSQL (0.4ms)[0m   [0mINSERT INTO schema_migrations (version) VALUES ('20090801084922')[0m
  [4;36;1mSQL (0.4ms)[0m   [0;1mSHOW TABLES[0m
  [4;35;1mSQL (0.2ms)[0m   [0mSELECT version FROM schema_migrations[0m
  [4;36;1mSQL (0.3ms)[0m   [0;1mSHOW TABLES[0m
  [4;35;1mSQL (1.2ms)[0m   [0mSHOW FIELDS FROM `items`[0m
  [4;36;1mSQL (1.2ms)[0m   [0;1mdescribe `items`[0m
  [4;35;1mSQL (0.4ms)[0m   [0mSHOW KEYS FROM `items`[0m
  [4;36;1mSQL (0.2ms)[0m   [0;1mSET NAMES 'utf8'[0m
  [4;35;1mSQL (0.1ms)[0m   [0mSET SQL_AUTO_IS_NULL=0[0m
  [4;36;1mSQL (0.3ms)[0m   [0;1mSHOW TABLES[0m
  [4;35;1mSQL (0.2ms)[0m   [0mSELECT version FROM schema_migrations[0m
Migrating to CreateLists (20090801081301)
Migrating to CreateItems (20090801084922)
  [4;36;1mSQL (0.4ms)[0m   [0;1mSHOW TABLES[0m
  [4;35;1mSQL (0.1ms)[0m   [0mSELECT version FROM schema_migrations[0m
  [4;36;1mSQL (0.2ms)[0m   [0;1mSHOW TABLES[0m
  [4;36;1mSQL (0.1ms)[0m   [0;1mSET NAMES 'utf8'[0m
  [4;35;1mSQL (0.1ms)[0m   [0mSET SQL_AUTO_IS_NULL=0[0m
  [4;36;1mSQL (0.4ms)[0m   [0;1mSHOW TABLES[0m
  [4;35;1mSQL (0.2ms)[0m   [0mSELECT version FROM schema_migrations[0m
Migrating to CreateLists (20090801085322)
  [4;36;1mSQL (70.0ms)[0m   [0;1mCREATE TABLE `lists` (`id` int(11) DEFAULT NULL auto_increment PRIMARY KEY, `name` varchar(255), `owner` varchar(255), `permission` varchar(255), `created_at` datetime, `updated_at` datetime) ENGINE=InnoDB[0m
  [4;35;1mSQL (0.5ms)[0m   [0mINSERT INTO schema_migrations (version) VALUES ('20090801085322')[0m
Migrating to CreateItems (20090801085804)
  [4;36;1mSQL (160.2ms)[0m   [0;1mCREATE TABLE `items` (`id` int(11) DEFAULT NULL auto_increment PRIMARY KEY, `author` varchar(255), `text` varchar(255), `fullMessage` varchar(255), `submitted` date, `list_id` int(11), `created_at` datetime, `updated_at` datetime) ENGINE=InnoDB[0m
  [4;35;1mSQL (0.7ms)[0m   [0mINSERT INTO schema_migrations (version) VALUES ('20090801085804')[0m
  [4;36;1mSQL (0.5ms)[0m   [0;1mSHOW TABLES[0m
  [4;35;1mSQL (0.2ms)[0m   [0mSELECT version FROM schema_migrations[0m
  [4;36;1mSQL (0.3ms)[0m   [0;1mSHOW TABLES[0m
  [4;35;1mSQL (1.6ms)[0m   [0mSHOW FIELDS FROM `items`[0m
  [4;36;1mSQL (1.3ms)[0m   [0;1mdescribe `items`[0m
  [4;35;1mSQL (0.4ms)[0m   [0mSHOW KEYS FROM `items`[0m
  [4;36;1mSQL (1.2ms)[0m   [0;1mSHOW FIELDS FROM `lists`[0m
  [4;35;1mSQL (1.3ms)[0m   [0mdescribe `lists`[0m
  [4;36;1mSQL (0.4ms)[0m   [0;1mSHOW KEYS FROM `lists`[0m
  [4;36;1mSQL (0.1ms)[0m   [0;1mSET NAMES 'utf8'[0m
  [4;35;1mSQL (0.1ms)[0m   [0mSET SQL_AUTO_IS_NULL=0[0m


Processing ListsController#index (for 127.0.0.1 at 2009-08-01 17:59:16) [GET]
  [4;36;1mList Load (0.3ms)[0m   [0;1mSELECT * FROM `lists` [0m
Rendering template within layouts/lists
Rendering lists/index
Completed in 34ms (View: 29, DB: 1) | 200 OK [http://localhost/lists]
  [4;35;1mSQL (0.1ms)[0m   [0mSET NAMES 'utf8'[0m
  [4;36;1mSQL (0.1ms)[0m   [0;1mSET SQL_AUTO_IS_NULL=0[0m


Processing ItemsController#index (for 127.0.0.1 at 2009-08-01 17:59:21) [GET]
  [4;35;1mItem Load (0.3ms)[0m   [0mSELECT * FROM `items` [0m
Rendering template within layouts/items
Rendering items/index
Completed in 89ms (View: 59, DB: 0) | 200 OK [http://localhost/items]
